<?xml version="1.0" encoding="UTF-8"?>
<!-- Generated by org.testng.reporters.JUnitReportReporter -->
<testsuite skipped="0" hostname="DESKTOP-GNC5L7A" name="SpicejetWebAutomation.SpicejetAutomation.TestRun" tests="1" failures="0" timestamp="2019-11-15T18:46:50 EST" time="31.501" errors="0">
  <testcase name="home" time="31.501" classname="SpicejetWebAutomation.SpicejetAutomation.TestRun"/>
</testsuite> <!-- SpicejetWebAutomation.SpicejetAutomation.TestRun -->
